koko се бие с Ученик June 2, 2012, 16:17:38
koko:живот 923/1000 --------- Ученик:живот 11
koko атакува Ученик и нанася 4 щети
koko атакува Ученик и нанася 2 щети
koko атакува Ученик и нанася 3 щети
koko атакува Ученик и нанася 2 щети
                Ти победи
Получаваш 6опит и 6 злато
                Предмети:
health potion
Light Plate
health potion
--------------------Край на битката----------------June 2, 2012, 16:17:40


koko се бие с Мъртвец June 2, 2012, 16:18:10
koko:живот 923/1000 --------- Мъртвец:живот 10
koko атакува Мъртвец и нанася 4 щети
koko атакува Мъртвец и нанася 2 щети
koko атакува Мъртвец и нанася 2 щети
koko атакува Мъртвец и нанася 2 щети
                Ти победи
Получаваш 6опит и 9 злато
                Предмети:
Light Plate
Light Plate
Light Plate
--------------------Край на битката----------------June 2, 2012, 16:18:12




koko се бие с Скелет June 2, 2012, 16:19:10
koko:живот 919/1000 --------- Скелет:живот 22
koko атакува Скелет и нанася 2 щети
koko атакува Скелет и нанася 5 щети
koko атакува Скелет и нанася 3 щети
koko атакува Скелет и нанася 2 щети
koko атакува Скелет и нанася 5 щети
koko атакува Скелет и нанася 4 щети
koko атакува Скелет и нанася 3 щети
                Ти победи
Получаваш 8опит и 8 злато
                Предмети:
health potion
Light Plate
Мощен лък
--------------------Край на битката----------------June 2, 2012, 16:19:12




koko се бие с Ученик June 2, 2012, 16:19:16
koko:живот 919/1000 --------- Ученик:живот 7
koko атакува Ученик и прави безуспешен опит да уцели
koko атакува Ученик и нанася 4 щети
koko атакува Ученик и прави безуспешен опит да уцели
koko атакува Ученик и прави безуспешен опит да уцели
koko атакува Ученик и прави безуспешен опит да уцели
koko атакува Ученик и нанася 3 щети
                Ти победи
Получаваш 8опит и 6 злато
                Предмети:
Long Sword
--------------------Край на битката----------------June 2, 2012, 16:19:18




koko се бие с Опосум June 2, 2012, 16:19:25
koko:живот 1000/1000 --------- Опосум:живот 12
koko атакува Опосум и нанася 4 щети
koko атакува Опосум и нанася 5 щети
koko атакува Опосум и нанася 4 щети
                Ти победи
Получаваш 26опит и 10 злато
                Предмети:
Колба мана
Колба мана
--------------------Край на битката----------------June 2, 2012, 16:19:26




koko се бие с Скелет June 2, 2012, 16:20:11
koko:живот 1000/1000 --------- Скелет:живот 16
koko атакува Скелет и прави безуспешен опит да уцели
koko атакува Скелет и нанася 5 щети
koko атакува Скелет и прави безуспешен опит да уцели
koko атакува Скелет и прави безуспешен опит да уцели
koko атакува Скелет и нанася 3 щети
koko атакува Скелет и нанася 3 щети
koko атакува Скелет и нанася 2 щети
koko атакува Скелет и нанася 3 щети
                Ти победи
Получаваш 6 опит и 5 злато
                Предмети:
Long Sword
Колба мана
--------------------Край на битката----------------June 2, 2012, 16:20:13




niki се бие с Мъртвец June 2, 2012, 20:11:40
niki:живот 2231/2290 --------- Мъртвец:живот 50
niki атакува Мъртвец и нанася 63 щети
                Ти победи
Получаваш 46 опит и 33 злато
                Предмети:
Колба мана
Колба мана
Long Sword
--------------------Край на битката----------------June 2, 2012, 20:11:41




niki се бие с Картоф June 2, 2012, 20:11:45
niki:живот 2231/2290 --------- Картоф:живот 45
niki атакува Картоф и нанася 74 щети
                Ти победи
Получаваш 36 опит и 28 злато
                Предмети:
Колба мана
Мощен лък
health potion
--------------------Край на битката----------------June 2, 2012, 20:12:09




niki се бие с Мъртвец June 2, 2012, 20:12:18
niki:живот 2192/2290 --------- Мъртвец:живот 60
niki атакува Мъртвец и нанася 56 щети
niki атакува Мъртвец и нанася 51 щети
                Ти победи
Получаваш 44 опит и 30 злато
                Предмети:
Мощен лък
Желязна броня
--------------------Край на битката----------------June 2, 2012, 20:12:20




niki се бие с Ученик June 3, 2012, 16:41:06
niki:живот 2240/2285 --------- Ученик:живот 25
niki атакува Ученик и нанася 30 щети
                Ти победи
Получаваш 48 опит и 13 злато
                Предмети:
Колба живот
--------------------Край на битката----------------June 3, 2012, 16:41:08




niki се бие с Картоф June 5, 2012, 00:13:29
niki:живот 2240/2290 --------- Картоф:живот 35
niki атакува Картоф и прави безуспешен опит да уцели
niki атакува Картоф и прави безуспешен опит да уцели
niki атакува Картоф и прави безуспешен опит да уцели
niki атакува Картоф и нанася 46 щети
                Ти победи
Получаваш 96 опит и 14 злато
                Предмети:
Желязна броня
Long Sword
--------------------Край на битката----------------June 5, 2012, 00:13:34




niki се бие с Скелет June 5, 2012, 00:14:29
niki:живот 2240/2290 --------- Скелет:живот 35
niki атакува Скелет и нанася 57 щети
                Ти победи
Получаваш 110 опит и 34 злато
                Предмети:
Колба мана
Колба живот
Колба мана
--------------------Край на битката----------------June 5, 2012, 00:14:31




niki се бие с Ученик June 5, 2012, 00:16:12
niki:живот 2240/2290 --------- Ученик:живот 70
niki атакува Ученик и нанася 39 щети
niki атакува Ученик и прави безуспешен опит да уцели
niki атакува Ученик и прави безуспешен опит да уцели
niki атакува Ученик и прави безуспешен опит да уцели
niki атакува Ученик и нанася 32 щети
                Ти победи
Получаваш 184 опит и 8 злато
                Предмети:
Light Plate
Long Sword
--------------------Край на битката----------------June 5, 2012, 00:16:16




niki се бие с Картоф June 5, 2012, 01:31:30
niki:живот 2240/2240 --------- Картоф:живот 45
niki атакува Картоф и нанася 50 щети
                Ти победи
Получаваш 42 опит и 19 злато
                Предмети:
Колба мана
Колба живот
--------------------Край на битката----------------June 5, 2012, 01:31:32




niki се бие с Опосум June 5, 2012, 02:56:35
niki:живот 2240/2272 --------- Опосум:живот 35
niki атакува Опосум и нанася 39 щети
                Ти победи
Получаваш 38 опит и 22 злато
                Предмети:
Колба живот
Light Plate
Мощен лък
--------------------Край на битката----------------June 5, 2012, 02:56:50




niki се бие с Картоф June 5, 2012, 02:56:54
niki:живот 2240/2272 --------- Картоф:живот 60
niki атакува Картоф и нанася 35 щети
niki атакува Картоф и нанася 55 щети
                Ти победи
Получаваш 64 опит и 39 злато
                Предмети:
Мощен лък
Мощен лък
Long Sword
--------------------Край на битката----------------June 5, 2012, 02:56:57




niki се бие с Скелет June 5, 2012, 02:56:59
niki:живот 2240/2272 --------- Скелет:живот 25
niki атакува Скелет и нанася 55 щети
                Ти победи
Получаваш 36 опит и 8 злато
                Предмети:
Колба живот
Колба живот
health potion
--------------------Край на битката----------------June 5, 2012, 02:57:00




niki се бие с Картоф June 5, 2012, 02:57:02
niki:живот 2240/2272 --------- Картоф:живот 55
niki атакува Картоф и нанася 34 щети
niki атакува Картоф и нанася 35 щети
                Ти победи
Получаваш 34 опит и 12 злато
                Предмети:
Колба мана
Колба мана
--------------------Край на битката----------------June 5, 2012, 02:57:04




niki се бие с Скелет June 5, 2012, 02:57:08
niki:живот 2240/2272 --------- Скелет:живот 55
niki атакува Скелет и прави безуспешен опит да уцели
niki атакува Скелет и прави безуспешен опит да уцели
niki атакува Скелет и прави безуспешен опит да уцели
niki атакува Скелет и нанася 41 щети
niki атакува Скелет и нанася 45 щети
                Ти победи
Получаваш 138 опит и 4 злато
                Предмети:
Мощен лък
health potion
Мощен лък
--------------------Край на битката----------------June 5, 2012, 02:57:14




niki се бие с Мъртвец June 5, 2012, 02:57:15
niki:живот 2222/2272 --------- Мъртвец:живот 65
niki атакува Мъртвец и нанася 29 щети
niki атакува Мъртвец и нанася 36 щети
                Ти победи
Получаваш 134 опит и 36 злато
                Предмети:
health potion
Long Sword
--------------------Край на битката----------------June 5, 2012, 02:57:17




niki се бие с Мъртвец June 5, 2012, 02:57:41
niki:живот 2222/2272 --------- Мъртвец:живот 25
niki атакува Мъртвец и нанася 44 щети
                Ти победи
Получаваш 66 опит и 16 злато
                Предмети:
Мощен лък
--------------------Край на битката----------------June 5, 2012, 02:57:42




niki се бие с Мъртвец June 5, 2012, 02:57:44
niki:живот 2287/2287 --------- Мъртвец:живот 75
niki атакува Мъртвец и нанася 50 щети
niki атакува Мъртвец и нанася 54 щети
                Ти победи
Получаваш 108 опит и 62 злато
                Предмети:
Long Sword
Мощен лък
Колба живот
--------------------Край на битката----------------June 5, 2012, 02:57:45




niki се бие с Мъртвец June 5, 2012, 02:57:46
niki:живот 2287/2287 --------- Мъртвец:живот 30
niki атакува Мъртвец и нанася 52.5 щети
                Ти победи
Получаваш 42 опит и 28 злато
                Предмети:
Light Plate
--------------------Край на битката----------------June 5, 2012, 03:11:39




niki се бие с Мъртвец June 5, 2012, 03:11:43
niki:живот 2287/2287 --------- Мъртвец:живот 25
niki атакува Мъртвец и нанася 34.5 щети
                Ти победи
Получаваш 68 опит и 25 злато
                Предмети:
Колба мана
Long Sword
Желязна броня
--------------------Край на битката----------------June 5, 2012, 03:11:44




niki се бие с Мъртвец June 5, 2012, 03:12:08
niki:живот 2255/2287 --------- Мъртвец:живот 45
niki атакува Мъртвец и нанася 43.166666666667 щети
niki атакува Мъртвец и нанася 53 щети
                Ти победи
Получаваш 90 опит и 28 злато
                Предмети:
Колба живот
Long Sword
--------------------Край на битката----------------June 5, 2012, 03:12:45




niki се бие с Картоф June 5, 2012, 03:12:48
niki:живот 2255/2287 --------- Картоф:живот 40
niki атакува Картоф и прави безуспешен опит да уцели
niki атакува Картоф и нанася 41 щети
                Ти победи
Получаваш 96 опит и 20 злато
                Предмети:
Мощен лък
health potion
--------------------Край на битката----------------June 5, 2012, 03:12:50




niki се бие с Мъртвец June 5, 2012, 03:12:54
niki:живот 2246/2287 --------- Мъртвец:живот 70
niki атакува Мъртвец и нанася 49 щети
niki атакува Мъртвец и нанася 50 щети
                Ти победи
Получаваш 16 опит и 4 злато
                Предмети:
Light Plate
Колба живот
--------------------Край на битката----------------June 5, 2012, 03:12:56




niki се бие с Скелет June 5, 2012, 03:13:25
niki:живот 2246/2287 --------- Скелет:живот 45
niki атакува Скелет и нанася 57 щети
                Ти победи
Получаваш 76 опит и 16 злато
                Предмети:
Желязна броня
--------------------Край на битката----------------June 5, 2012, 03:13:26




niki се бие с Мъртвец June 5, 2012, 03:13:31
niki:живот 2246/2287 --------- Мъртвец:живот 65
niki атакува Мъртвец и нанася 42 щети
niki атакува Мъртвец и нанася 31 щети
                Ти победи
Получаваш 110 опит и 53 злато
                Предмети:
health potion
Колба живот
Light Plate
--------------------Край на битката----------------June 5, 2012, 03:13:33




niki се бие с Опосум June 5, 2012, 03:13:37
niki:живот 2246/2287 --------- Опосум:живот 40
niki атакува Опосум и нанася 37 щети
niki атакува Опосум и нанася 52 щети
                Ти победи
Получаваш 2 опит и 8 злато
                Предмети:
Light Plate
health potion
--------------------Край на битката----------------June 5, 2012, 03:13:45




niki се бие с Картоф June 5, 2012, 03:13:59
niki:живот 2246/2255 --------- Картоф:живот 45
niki атакува Картоф и нанася 37 щети
niki атакува Картоф и прави безуспешен опит да уцели
niki атакува Картоф и прави безуспешен опит да уцели
niki атакува Картоф и нанася 48 щети
                Ти победи
Получаваш 70 опит и 23 злато
                Предмети:
Мощен лък
Колба живот
Желязна броня
--------------------Край на битката----------------June 5, 2012, 03:14:15




niki се бие с Картоф June 5, 2012, 03:14:18
niki:живот 2246/2255 --------- Картоф:живот 60
niki атакува Картоф и нанася 50 щети
niki атакува Картоф и нанася 28 щети
                Ти победи
Получаваш 78 опит и 43 злато
                Предмети:
Колба мана
--------------------Край на битката----------------June 5, 2012, 03:14:20




niki се бие с Опосум June 5, 2012, 03:14:21
niki:живот 2246/2255 --------- Опосум:живот 35
niki атакува Опосум и нанася 38 щети
                Ти победи
Получаваш 40 опит и 15 злато
                Предмети:
Колба мана
Колба мана
--------------------Край на битката----------------June 5, 2012, 03:14:21




niki се бие с Опосум June 5, 2012, 03:14:22
niki:живот 2246/2255 --------- Опосум:живот 70
niki атакува Опосум и нанася 32 щети
niki атакува Опосум и нанася 38 щети
                Ти победи
Получаваш 100 опит и 14 злато
                Предмети:
Колба живот
Колба живот
--------------------Край на битката----------------June 5, 2012, 03:14:23




niki се бие с Мъртвец June 5, 2012, 03:14:24
niki:живот 2246/2255 --------- Мъртвец:живот 70
niki атакува Мъртвец и нанася 47 щети
niki атакува Мъртвец и нанася 37 щети
                Ти победи
Получаваш 194 опит и 24 злато
                Предмети:
Light Plate
--------------------Край на битката----------------June 5, 2012, 03:14:26




niki се бие с Скелет June 5, 2012, 03:14:27
niki:живот 2239/2255 --------- Скелет:живот 50
niki атакува Скелет и нанася 48 щети
niki атакува Скелет и нанася 50 щети
                Ти победи
Получаваш 192 опит и 31 злато
                Предмети:
health potion
--------------------Край на битката----------------June 5, 2012, 03:14:28




niki се бие с Опосум June 5, 2012, 03:14:29
niki:живот 2239/2255 --------- Опосум:живот 45
niki атакува Опосум и нанася 49 щети
                Ти победи
Получаваш 130 опит и 42 злато
                Предмети:
Long Sword
--------------------Край на битката----------------June 5, 2012, 03:14:30




niki се бие с Ученик June 5, 2012, 03:14:31
niki:живот 2239/2255 --------- Ученик:живот 65
niki атакува Ученик и нанася 39 щети
niki атакува Ученик и прави безуспешен опит да уцели
niki атакува Ученик и нанася 33 щети
                Ти победи
Получаваш 2 опит и 41 злато
                Предмети:
health potion
--------------------Край на битката----------------June 5, 2012, 03:14:33




niki се бие с Скелет June 5, 2012, 03:14:34
niki:живот 2239/2255 --------- Скелет:живот 55
niki атакува Скелет и прави безуспешен опит да уцели
niki атакува Скелет и нанася 37 щети
niki атакува Скелет и нанася 38 щети
                Ти победи
Получаваш 146 опит и 26 злато
                Предмети:
Light Plate
Колба мана
Light Plate
--------------------Край на битката----------------June 5, 2012, 03:14:35




niki се бие с Опосум June 5, 2012, 03:14:36
niki:живот 2239/2255 --------- Опосум:живот 70
niki атакува Опосум и нанася 25 щети
niki атакува Опосум и нанася 27 щети
niki атакува Опосум и нанася 42 щети
                Ти победи
Получаваш 190 опит и 39 злато
                Предмети:
Light Plate
Колба живот
--------------------Край на битката----------------June 5, 2012, 03:14:38




niki се бие с Скелет June 5, 2012, 03:14:39
niki:живот 2239/2255 --------- Скелет:живот 55
niki атакува Скелет и нанася 50 щети
niki атакува Скелет и нанася 44 щети
                Ти победи
Получаваш 74 опит и 29 злато
                Предмети:
Light Plate
--------------------Край на битката----------------June 5, 2012, 03:14:41




niki се бие с Скелет June 5, 2012, 03:14:42
niki:живот 2239/2255 --------- Скелет:живот 35
niki атакува Скелет и нанася 28 щети
niki атакува Скелет и нанася 32 щети
                Ти победи
Получаваш 46 опит и 24 злато
                Предмети:
health potion
Колба мана
health potion
--------------------Край на битката----------------June 5, 2012, 03:14:46




niki се бие с Картоф June 5, 2012, 03:14:47
niki:живот 2225/2255 --------- Картоф:живот 60
niki атакува Картоф и нанася 39 щети
niki атакува Картоф и нанася 38 щети
                Ти победи
Получаваш 74 опит и 37 злато
                Предмети:
Желязна броня
Желязна броня
Колба мана
--------------------Край на битката----------------June 5, 2012, 03:14:49




niki се бие с Мъртвец June 5, 2012, 03:14:49
niki:живот 2270/2270 --------- Мъртвец:живот 60
niki атакува Мъртвец и нанася 33 щети
niki атакува Мъртвец и нанася 39 щети
                Ти победи
Получаваш 46 опит и 34 злато
                Предмети:
Желязна броня
Мощен лък
--------------------Край на битката----------------June 5, 2012, 03:14:51




niki се бие с Ученик June 5, 2012, 03:14:52
niki:живот 2270/2270 --------- Ученик:живот 75
niki атакува Ученик и нанася 29 щети
niki атакува Ученик и нанася 47 щети
                Ти победи
Получаваш 16 опит и 62 злато
                Предмети:
health potion
--------------------Край на битката----------------June 5, 2012, 03:14:53




niki се бие с Опосум June 5, 2012, 03:14:54
niki:живот 2270/2270 --------- Опосум:живот 50
niki атакува Опосум и прави безуспешен опит да уцели
niki атакува Опосум и нанася 53 щети
                Ти победи
Получаваш 50 опит и 32 злато
                Предмети:
Колба живот
--------------------Край на битката----------------June 5, 2012, 03:14:55




niki се бие с Опосум June 5, 2012, 03:14:56
niki:живот 2263/2270 --------- Опосум:живот 65
niki атакува Опосум и нанася 44 щети
niki атакува Опосум и нанася 36 щети
                Ти победи
Получаваш 56 опит и 32 злато
                Предмети:
Желязна броня
health potion
health potion
--------------------Край на битката----------------June 5, 2012, 03:14:58




niki се бие с Ученик June 5, 2012, 03:23:08
niki:живот 2263/2270 --------- Ученик:живот 60
niki атакува Ученик и нанася 41 щети
niki атакува Ученик и нанася 49 щети
                Ти победи
Получаваш 204 опит и 4 злато
                Предмети:
Колба живот
--------------------Край на битката----------------June 5, 2012, 03:23:11




niki се бие с Ученик June 5, 2012, 03:23:13
niki:живот 2263/2270 --------- Ученик:живот 25
niki атакува Ученик и нанася 45 щети
                Ти победи
Получаваш 58 опит и 13 злато
                Предмети:
Мощен лък
Колба мана
--------------------Край на битката----------------June 5, 2012, 03:23:15




niki се бие с Опосум June 5, 2012, 03:23:16
niki:живот 2263/2270 --------- Опосум:живот 35
niki атакува Опосум и нанася 51 щети
                Ти победи
Получаваш 86 опит и 11 злато
                Предмети:
Long Sword
health potion
--------------------Край на битката----------------June 5, 2012, 03:23:17




niki се бие с Опосум June 5, 2012, 03:23:18
niki:живот 2263/2270 --------- Опосум:живот 40
niki атакува Опосум и нанася 48 щети
                Ти победи
Получаваш 116 опит и 14 злато
                Предмети:
health potion
Мощен лък
Колба мана
--------------------Край на битката----------------June 5, 2012, 03:23:19




niki се бие с Картоф June 5, 2012, 03:23:20
niki:живот 2263/2270 --------- Картоф:живот 25
niki атакува Картоф и нанася 48 щети
                Ти победи
Получаваш 148 опит и 19 злато
                Предмети:
Long Sword
Мощен лък
Колба живот
--------------------Край на битката----------------June 5, 2012, 03:23:21




niki се бие с Картоф June 5, 2012, 03:23:22
niki:живот 2263/2270 --------- Картоф:живот 75
niki атакува Картоф и нанася 28 щети
niki атакува Картоф и нанася 25 щети
niki атакува Картоф и нанася 46 щети
                Ти победи
Получаваш 80 опит и 52 злато
                Предмети:
Колба мана
Light Plate
Мощен лък
--------------------Край на битката----------------June 5, 2012, 03:23:26




niki се бие с Опосум June 5, 2012, 03:23:27
niki:живот 2263/2270 --------- Опосум:живот 45
niki атакува Опосум и нанася 45 щети
                Ти победи
Получаваш 10 опит и 30 злато
                Предмети:
Колба живот
Мощен лък
--------------------Край на битката----------------June 5, 2012, 03:23:29




niki се бие с Картоф June 5, 2012, 03:23:29
niki:живот 2263/2270 --------- Картоф:живот 55
niki атакува Картоф и нанася 44 щети
niki атакува Картоф и нанася 50 щети
                Ти победи
Получаваш 144 опит и 39 злато
                Предмети:
Желязна броня
Мощен лък
--------------------Край на битката----------------June 5, 2012, 03:23:32




niki се бие с Опосум June 5, 2012, 03:23:32
niki:живот 2263/2270 --------- Опосум:живот 60
niki атакува Опосум и прави безуспешен опит да уцели
niki атакува Опосум и нанася 46 щети
niki атакува Опосум и нанася 33 щети
                Ти победи
Получаваш 32 опит и 59 злато
                Предмети:
Колба живот
--------------------Край на битката----------------June 5, 2012, 03:23:35




niki се бие с Скелет June 5, 2012, 03:23:54
niki:живот 2263/2270 --------- Скелет:живот 35
niki атакува Скелет и нанася 53 щети
                Ти победи
Получаваш 82 опит и 15 злато
                Предмети:
Light Plate
Колба живот
--------------------Край на битката----------------June 5, 2012, 03:23:55




niki се бие с Скелет June 5, 2012, 03:24:20
niki:живот 2263/2270 --------- Скелет:живот 55
niki атакува Скелет и нанася 40 щети
niki атакува Скелет и нанася 44 щети
                Ти победи
Получаваш 104 опит и 27 злато
                Предмети:
health potion
Мощен лък
--------------------Край на битката----------------June 5, 2012, 03:25:11




niki се бие с Скелет June 5, 2012, 03:25:16
niki:живот 2263/2270 --------- Скелет:живот 70
niki атакува Скелет и нанася 35 щети
niki атакува Скелет и нанася 33 щети
niki атакува Скелет и нанася 44 щети
                Ти победи
Получаваш 12 опит и 42 злато
                Предмети:
health potion
--------------------Край на битката----------------June 5, 2012, 03:25:42




niki се бие с Опосум June 5, 2012, 14:17:46
niki:живот 2263/2270 --------- Опосум:живот 70
niki атакува Опосум и нанася 42 щети
niki атакува Опосум и нанася 44 щети
                Ти победи
Получаваш 208 опит и 66 злато
                Предмети:
Мощен лък
--------------------Край на битката----------------June 5, 2012, 14:17:50




niki се бие с Ученик June 5, 2012, 14:17:55
niki:живот 2252/2270 --------- Ученик:живот 50
niki атакува Ученик и нанася 44 щети
niki атакува Ученик и нанася 38 щети
                Ти победи
Получаваш 134 опит и 49 злато
                Предмети:
Колба мана
--------------------Край на битката----------------June 5, 2012, 14:18:05




niki се бие с Мъртвец June 5, 2012, 14:18:08
niki:живот 2239/2270 --------- Мъртвец:живот 40
niki атакува Мъртвец и нанася 51 щети
                Ти победи
Получаваш 62 опит и 30 злато
                Предмети:
Light Plate
Мощен лък
Long Sword
--------------------Край на битката----------------June 5, 2012, 14:18:09




niki се бие с Мъртвец June 5, 2012, 14:18:11
niki:живот 2239/2270 --------- Мъртвец:живот 35
niki атакува Мъртвец и нанася 26 щети
niki атакува Мъртвец и нанася 32 щети
                Ти победи
Получаваш 112 опит и 29 злато
                Предмети:
Long Sword
Light Plate
health potion
--------------------Край на битката----------------June 5, 2012, 14:18:13




niki се бие с Опосум June 5, 2012, 14:18:14
niki:живот 2231/2270 --------- Опосум:живот 40
niki атакува Опосум и нанася 25 щети
niki атакува Опосум и нанася 29 щети
                Ти победи
Получаваш 180 опит и 26 злато
                Предмети:
Light Plate
Желязна броня
Колба мана
--------------------Край на битката----------------June 5, 2012, 14:18:15




niki се бие с Картоф June 5, 2012, 14:18:16
niki:живот 2231/2270 --------- Картоф:живот 55
niki атакува Картоф и нанася 39 щети
niki атакува Картоф и нанася 30 щети
                Ти победи
Получаваш 96 опит и 7 злато
                Предмети:
Колба живот
Колба живот
--------------------Край на битката----------------June 5, 2012, 14:18:18




niki се бие с Скелет June 5, 2012, 14:18:19
niki:живот 2231/2270 --------- Скелет:живот 25
niki атакува Скелет и нанася 51 щети
                Ти победи
Получаваш 88 опит и 7 злато
                Предмети:
Колба мана
health potion
--------------------Край на битката----------------June 5, 2012, 14:18:56




niki се бие с Картоф June 5, 2012, 14:18:58
niki:живот 2231/2270 --------- Картоф:живот 40
niki атакува Картоф и нанася 40 щети
                Ти победи
Получаваш 78 опит и 34 злато
                Предмети:
Light Plate
Колба живот
--------------------Край на битката----------------June 5, 2012, 14:18:59




niki се бие с Опосум June 5, 2012, 14:19:00
niki:живот 2285/2285 --------- Опосум:живот 30
niki атакува Опосум и нанася 49 щети
                Ти победи
Получаваш 38 опит и 20 злато
                Предмети:
Мощен лък
--------------------Край на битката----------------June 5, 2012, 14:19:01




niki се бие с Скелет June 5, 2012, 14:19:02
niki:живот 2285/2285 --------- Скелет:живот 40
niki атакува Скелет и нанася 30 щети
niki атакува Скелет и нанася 24 щети
                Ти победи
Получаваш 146 опит и 39 злато
                Предмети:
Желязна броня
health potion
--------------------Край на битката----------------June 5, 2012, 14:19:05




niki се бие с Скелет June 5, 2012, 14:19:07
niki:живот 2285/2285 --------- Скелет:живот 35
niki атакува Скелет и нанася 50 щети
                Ти победи
Получаваш 56 опит и 7 злато
                Предмети:
Light Plate
Колба мана
--------------------Край на битката----------------June 5, 2012, 14:19:08




niki се бие с Скелет June 5, 2012, 14:19:09
niki:живот 2285/2285 --------- Скелет:живот 50
niki атакува Скелет и прави безуспешен опит да уцели
niki атакува Скелет и нанася 46 щети
niki атакува Скелет и нанася 27 щети
                Ти победи
Получаваш 120 опит и 33 злато
                Предмети:
Желязна броня
--------------------Край на битката----------------June 5, 2012, 14:19:11




niki се бие с Опосум June 5, 2012, 14:19:12
niki:живот 2285/2285 --------- Опосум:живот 60
niki атакува Опосум и нанася 31 щети
niki атакува Опосум и нанася 34 щети
                Ти победи
Получаваш 8 опит и 41 злато
                Предмети:
health potion
--------------------Край на битката----------------June 5, 2012, 14:19:13




niki се бие с Скелет June 5, 2012, 14:19:14
niki:живот 2272/2285 --------- Скелет:живот 25
niki атакува Скелет и нанася 52 щети
                Ти победи
Получаваш 32 опит и 9 злато
                Предмети:
Мощен лък
Мощен лък
--------------------Край на битката----------------June 5, 2012, 14:19:15




niki се бие с Скелет June 5, 2012, 14:19:16
niki:живот 2272/2285 --------- Скелет:живот 75
niki атакува Скелет и нанася 39 щети
niki атакува Скелет и нанася 51 щети
                Ти победи
Получаваш 124 опит и 29 злато
                Предмети:
Мощен лък
--------------------Край на битката----------------June 5, 2012, 14:19:17




niki се бие с Картоф June 5, 2012, 14:19:18
niki:живот 2266/2285 --------- Картоф:живот 25
niki атакува Картоф и нанася 50 щети
                Ти победи
Получаваш 68 опит и 20 злато
                Предмети:
Колба мана
health potion
Мощен лък
--------------------Край на битката----------------June 5, 2012, 14:19:19




niki се бие с Мъртвец June 5, 2012, 14:19:19
niki:живот 2266/2285 --------- Мъртвец:живот 40
niki атакува Мъртвец и нанася 46 щети
                Ти победи
Получаваш 32 опит и 27 злато
                Предмети:
Long Sword
Long Sword
--------------------Край на битката----------------June 5, 2012, 14:19:20




niki се бие с Опосум June 5, 2012, 14:19:21
niki:живот 2266/2285 --------- Опосум:живот 70
niki атакува Опосум и нанася 52 щети
niki атакува Опосум и нанася 26 щети
                Ти победи
Получаваш 64 опит и 15 злато
                Предмети:
Мощен лък
Колба мана
--------------------Край на битката----------------June 5, 2012, 14:19:23




niki се бие с Картоф June 5, 2012, 14:19:23
niki:живот 2266/2285 --------- Картоф:живот 45
niki атакува Картоф и нанася 40 щети
niki атакува Картоф и прави безуспешен опит да уцели
niki атакува Картоф и нанася 38 щети
                Ти победи
Получаваш 124 опит и 20 злато
                Предмети:
Light Plate
health potion
--------------------Край на битката----------------June 5, 2012, 14:19:26




niki се бие с Опосум June 5, 2012, 14:40:56
niki:живот 2266/2285 --------- Опосум:живот 30
niki атакува Опосум и нанася 45 щети
                Ти победи
Получаваш 178 опит и 6 злато
                Предмети:
Long Sword
Long Sword
--------------------Край на битката----------------June 5, 2012, 14:49:38




niki се бие с Мъртвец June 5, 2012, 14:49:43
niki:живот 2266/2285 --------- Мъртвец:живот 35
niki атакува Мъртвец и нанася 38 щети
                Ти победи
Получаваш 30 опит и 18 злато
                Предмети:
Колба мана
Желязна броня
--------------------Край на битката----------------June 5, 2012, 14:49:46




niki се бие с Мъртвец June 5, 2012, 14:49:48
niki:живот 2266/2285 --------- Мъртвец:живот 35
niki атакува Мъртвец и нанася 46 щети
                Ти победи
Получаваш 62 опит и 10 злато
                Предмети:
Желязна броня
--------------------Край на битката----------------June 5, 2012, 14:49:49




niki се бие с Картоф June 5, 2012, 14:49:50
niki:живот 2266/2285 --------- Картоф:живот 30
niki атакува Картоф и нанася 40 щети
                Ти победи
Получаваш 176 опит и 16 злато
                Предмети:
Light Plate
--------------------Край на битката----------------June 5, 2012, 14:49:50




niki се бие с Опосум June 5, 2012, 14:49:51
niki:живот 2266/2285 --------- Опосум:живот 75
niki атакува Опосум и нанася 35 щети
niki атакува Опосум и нанася 47 щети
                Ти победи
Получаваш 98 опит и 62 злато
                Предмети:
Колба живот
--------------------Край на битката----------------June 5, 2012, 14:49:53




niki се бие с Картоф June 5, 2012, 14:49:54
niki:живот 2266/2285 --------- Картоф:живот 55
niki атакува Картоф и нанася 33 щети
niki атакува Картоф и нанася 39 щети
                Ти победи
Получаваш 164 опит и 18 злато
                Предмети:
health potion
Light Plate
--------------------Край на битката----------------June 5, 2012, 14:49:58




niki се бие с Картоф June 5, 2012, 14:49:59
niki:живот 2251/2285 --------- Картоф:живот 25
niki атакува Картоф и нанася 49 щети
                Ти победи
Получаваш 94 опит и 12 злато
                Предмети:
Light Plate
Мощен лък
Колба мана
--------------------Край на битката----------------June 5, 2012, 14:49:59




niki се бие с Скелет June 5, 2012, 14:51:18
niki:живот 2251/2285 --------- Скелет:живот 60
niki атакува Скелет и нанася 33 щети
niki атакува Скелет и нанася 49 щети
                Ти победи
Получаваш 126 опит и 25 злато
                Предмети:
Колба живот
Light Plate
Колба живот
--------------------Край на битката----------------June 5, 2012, 14:51:28




niki се бие с Опосум June 5, 2012, 14:51:29
niki:живот 2239/2285 --------- Опосум:живот 75
niki атакува Опосум и нанася 16 щети
niki атакува Опосум и нанася 16 щети
niki атакува Опосум и нанася 20 щети
niki атакува Опосум и нанася 17 щети
niki атакува Опосум и нанася 11 щети
                Ти победи
Получаваш 204 опит и 22 злато
                Предмети:
Желязна броня
Желязна броня
health potion
--------------------Край на битката----------------June 5, 2012, 14:52:09




niki се бие с Опосум June 5, 2012, 14:52:11
niki:живот 2230/2285 --------- Опосум:живот 30
niki атакува Опосум и нанася 15 щети
niki атакува Опосум и нанася 22 щети
                Ти победи
Получаваш 16 опит и 16 злато
                Предмети:
Колба мана
Мощен лък
Колба живот
--------------------Край на битката----------------June 5, 2012, 14:52:14




niki се бие с Ученик June 5, 2012, 14:52:15
niki:живот 2230/2285 --------- Ученик:живот 35
niki атакува Ученик и нанася 21 щети
niki атакува Ученик и нанася 19 щети
                Ти победи
Получаваш 28 опит и 28 злато
                Предмети:
Light Plate
Колба мана
Колба мана
--------------------Край на битката----------------June 5, 2012, 14:52:17




niki се бие с Картоф June 5, 2012, 14:52:17
niki:живот 2230/2285 --------- Картоф:живот 40
niki атакува Картоф и нанася 14 щети
niki атакува Картоф и нанася 25 щети
niki атакува Картоф и нанася 25 щети
                Ти победи
Получаваш 104 опит и 23 злато
                Предмети:
health potion
--------------------Край на битката----------------June 5, 2012, 14:52:20




niki се бие с Ученик June 5, 2012, 14:52:20
niki:живот 2230/2285 --------- Ученик:живот 45
niki атакува Ученик и нанася 17 щети
niki атакува Ученик и нанася 12 щети
niki атакува Ученик и нанася 21 щети
                Ти победи
Получаваш 54 опит и 18 злато
                Предмети:
Колба мана
--------------------Край на битката----------------June 5, 2012, 14:52:23




niki се бие с Картоф June 5, 2012, 14:52:23
niki:живот 2230/2285 --------- Картоф:живот 30
niki атакува Картоф и нанася 20 щети
niki атакува Картоф и нанася 12 щети
                Ти победи
Получаваш 146 опит и 18 злато
                Предмети:
Желязна броня
Мощен лък
Light Plate
--------------------Край на битката----------------June 5, 2012, 14:52:25




niki се бие с Скелет June 5, 2012, 14:52:26
niki:живот 2230/2285 --------- Скелет:живот 30
niki атакува Скелет и нанася 25 щети
niki атакува Скелет и нанася 14 щети
                Ти победи
Получаваш 118 опит и 28 злато
                Предмети:
Long Sword
Колба мана
health potion
--------------------Край на битката----------------June 5, 2012, 14:52:28




niki се бие с Ученик June 5, 2012, 14:54:25
niki:живот 2216/2285 --------- Ученик:живот 65
niki атакува Ученик и нанася 12 щети
niki атакува Ученик и нанася 22 щети
niki атакува Ученик и нанася 13 щети
niki атакува Ученик и нанася 18 щети
                Ти победи
Получаваш 128 опит и 56 злато
                Предмети:
health potion
Мощен лък
Желязна броня
--------------------Край на битката----------------June 5, 2012, 14:54:42




niki се бие с Ученик June 5, 2012, 14:54:55
niki:живот 2300/2300 --------- Ученик:живот 70
niki атакува Ученик и нанася 26 щети
niki атакува Ученик и нанася 28 щети
niki атакува Ученик и нанася 31 щети
                Ти победи
Получаваш 90 опит и 5 злато
                Предмети:
Long Sword
health potion
Мощен лък
--------------------Край на битката----------------June 5, 2012, 14:55:00




niki се бие с Ученик June 5, 2012, 14:55:02
niki:живот 2290/2300 --------- Ученик:живот 40
niki атакува Ученик и нанася 32 щети
niki атакува Ученик и нанася 21 щети
                Ти победи
Получаваш 16 опит и 9 злато
                Предмети:
Мощен лък
Мощен лък
health potion
--------------------Край на битката----------------June 5, 2012, 14:55:51




niki се бие с Ученик June 5, 2012, 14:55:54
niki:живот 2278/2300 --------- Ученик:живот 25
niki атакува Ученик и нанася 18 щети
niki атакува Ученик и нанася 27 щети
                Ти победи
Получаваш 106 опит и 25 злато
                Предмети:
Light Plate
Колба живот
--------------------Край на битката----------------June 5, 2012, 14:55:56




niki се бие с Скелет June 5, 2012, 14:55:57
niki:живот 2270/2300 --------- Скелет:живот 70
niki атакува Скелет и нанася 26 щети
niki атакува Скелет и нанася 18 щети
niki атакува Скелет и нанася 25 щети
niki атакува Скелет и нанася 19 щети
                Ти победи
Получаваш 242 опит и 63 злато
                Предмети:
Мощен лък
Long Sword
Light Plate
--------------------Край на битката----------------June 5, 2012, 14:56:00




niki се бие с Мъртвец June 5, 2012, 14:56:01
niki:живот 2234/2300 --------- Мъртвец:живот 75
niki атакува Мъртвец и прави безуспешен опит да уцели
niki атакува Мъртвец и нанася 34 щети
niki атакува Мъртвец и нанася 17 щети
niki атакува Мъртвец и нанася 19 щети
niki атакува Мъртвец и нанася 20 щети
                Ти победи
Получаваш 256 опит и 42 злато
                Предмети:
Желязна броня
Мощен лък
Желязна броня
--------------------Край на битката----------------June 5, 2012, 14:56:13




niki се бие с Картоф June 5, 2012, 15:06:47
niki:живот 2189/2332 --------- Картоф:живот 40
niki атакува Картоф и нанася 25 щети
niki атакува Картоф и нанася 24 щети
                Ти победи
Получаваш 250 опит и 15 злато
                Предмети:
Желязна броня
--------------------Край на битката----------------June 5, 2012, 15:06:49




niki се бие с Мъртвец June 5, 2012, 15:09:01
niki:живот 2176/2332 --------- Мъртвец:живот 30
niki атакува Мъртвец и прави безуспешен опит да уцели
niki атакува Мъртвец и нанася 27 щети
niki атакува Мъртвец и нанася 19 щети
                Ти победи
Получаваш 20 опит и 25 злато
                Предмети:
Light Plate
--------------------Край на битката----------------June 5, 2012, 15:09:03




niki се бие с Мъртвец June 5, 2012, 15:09:05
niki:живот 2164/2332 --------- Мъртвец:живот 55
niki атакува Мъртвец и нанася 17 щети
niki атакува Мъртвец и нанася 22 щети
niki атакува Мъртвец и нанася 22 щети
                Ти победи
Получаваш 162 опит и 47 злато
                Предмети:
health potion
--------------------Край на битката----------------June 5, 2012, 15:09:07




niki се бие с Опосум June 5, 2012, 15:09:09
niki:живот 2144/2332 --------- Опосум:живот 25
niki атакува Опосум и нанася 23 щети
niki атакува Опосум и нанася 16 щети
                Ти победи
Получаваш 156 опит и 25 злато
                Предмети:
Light Plate
--------------------Край на битката----------------June 5, 2012, 15:09:10




niki се бие с Ученик June 5, 2012, 15:09:10
niki:живот 2130/2332 --------- Ученик:живот 40
niki атакува Ученик и нанася 22 щети
niki атакува Ученик и нанася 25 щети
                Ти победи
Получаваш 80 опит и 30 злато
                Предмети:
Long Sword
health potion
--------------------Край на битката----------------June 5, 2012, 15:09:11




niki се бие с Картоф June 5, 2012, 15:09:12
niki:живот 2125/2332 --------- Картоф:живот 40
niki атакува Картоф и прави безуспешен опит да уцели
niki атакува Картоф и прави безуспешен опит да уцели
niki атакува Картоф и нанася 32 щети
niki атакува Картоф и нанася 17 щети
                Ти победи
Получаваш 142 опит и 26 злато
                Предмети:
Light Plate
Long Sword
Колба живот
--------------------Край на битката----------------June 5, 2012, 15:09:14




niki се бие с Картоф June 5, 2012, 15:09:15
niki:живот 2105/2332 --------- Картоф:живот 25
niki атакува Картоф и нанася 26 щети
                Ти победи
Получаваш 90 опит и 20 злато
                Предмети:
Long Sword
Мощен лък
--------------------Край на битката----------------June 5, 2012, 15:09:16




niki се бие с Опосум June 5, 2012, 15:09:16
niki:живот 2105/2332 --------- Опосум:живот 65
niki атакува Опосум и прави безуспешен опит да уцели
niki атакува Опосум и нанася 33 щети
niki атакува Опосум и нанася 31 щети
niki атакува Опосум и прави безуспешен опит да уцели
niki атакува Опосум и нанася 17 щети
                Ти победи
Получаваш 138 опит и 63 злато
                Предмети:
Колба живот
--------------------Край на битката----------------June 5, 2012, 15:09:19




niki се бие с Ученик June 5, 2012, 15:09:24
niki:живот 2051/2332 --------- Ученик:живот 75
niki атакува Ученик и нанася 21 щети
niki атакува Ученик и нанася 29 щети
niki атакува Ученик и нанася 20 щети
niki атакува Ученик и нанася 18 щети
                Ти победи
Получаваш 278 опит и 31 злато
                Предмети:
Колба живот
Колба мана
--------------------Край на битката----------------June 5, 2012, 15:09:26




niki се бие с Ученик June 5, 2012, 15:09:29
niki:живот 2018/2332 --------- Ученик:живот 45
niki атакува Ученик и нанася 25 щети
niki атакува Ученик и нанася 22 щети
                Ти победи
Получаваш 170 опит и 22 злато
                Предмети:
health potion
--------------------Край на битката----------------June 5, 2012, 15:09:30




niki се бие с Мъртвец June 5, 2012, 15:09:31
niki:живот 2002/2332 --------- Мъртвец:живот 45
niki атакува Мъртвец и нанася 18 щети
niki атакува Мъртвец и нанася 24 щети
niki атакува Мъртвец и прави безуспешен опит да уцели
niki атакува Мъртвец и нанася 26 щети
                Ти победи
Получаваш 36 опит и 34 злато
                Предмети:
health potion
Колба мана
Мощен лък
--------------------Край на битката----------------June 5, 2012, 15:09:34




niki се бие с Мъртвец June 5, 2012, 15:09:34
niki:живот 1979/2332 --------- Мъртвец:живот 30
niki атакува Мъртвец и нанася 18 щети
niki атакува Мъртвец и нанася 24 щети
                Ти победи
Получаваш 154 опит и 27 злато
                Предмети:
Колба живот
Колба мана
Колба живот
--------------------Край на битката----------------June 5, 2012, 15:09:36




niki се бие с Ученик June 5, 2012, 15:09:36
niki:живот 1969/2332 --------- Ученик:живот 45
niki атакува Ученик и нанася 29 щети
niki атакува Ученик и нанася 21 щети
                Ти победи
Получаваш 152 опит и 39 злато
                Предмети:
Колба мана
Long Sword
--------------------Край на битката----------------June 5, 2012, 15:09:37




niki се бие с Ученик June 5, 2012, 15:09:37
niki:живот 1958/2332 --------- Ученик:живот 70
niki атакува Ученик и нанася 31 щети
niki атакува Ученик и нанася 19 щети
niki атакува Ученик и нанася 17 щети
niki атакува Ученик и нанася 18 щети
                Ти победи
Получаваш 174 опит и 49 злато
                Предмети:
Мощен лък
--------------------Край на битката----------------June 5, 2012, 15:09:38




niki се бие с Скелет June 5, 2012, 15:09:39
niki:живот 2347/2347 --------- Скелет:живот 75
niki атакува Скелет и нанася 15 щети
niki атакува Скелет и нанася 31 щети
niki атакува Скелет и нанася 32 щети
                Ти победи
Получаваш 64 опит и 66 злато
                Предмети:
Желязна броня
Желязна броня
Long Sword
--------------------Край на битката----------------June 5, 2012, 15:09:40




niki се бие с Картоф June 5, 2012, 15:09:41
niki:живот 2316/2347 --------- Картоф:живот 35
niki атакува Картоф и нанася 25 щети
niki атакува Картоф и нанася 21 щети
                Ти победи
Получаваш 184 опит и 35 злато
                Предмети:
Light Plate
--------------------Край на битката----------------June 5, 2012, 15:09:41




niki се бие с Картоф June 5, 2012, 15:09:42
niki:живот 2311/2347 --------- Картоф:живот 60
niki атакува Картоф и нанася 22 щети
niki атакува Картоф и нанася 18 щети
niki атакува Картоф и нанася 30 щети
                Ти победи
Получаваш 32 опит и 48 злато
                Предмети:
health potion
health potion
Light Plate
--------------------Край на битката----------------June 5, 2012, 15:09:43




niki се бие с Картоф June 5, 2012, 15:09:44
niki:живот 2276/2347 --------- Картоф:живот 50
niki атакува Картоф и нанася 34 щети
niki атакува Картоф и нанася 30 щети
                Ти победи
Получаваш 192 опит и 16 злато
                Предмети:
Колба мана
--------------------Край на битката----------------June 5, 2012, 15:09:44




niki се бие с Опосум June 5, 2012, 15:09:45
niki:живот 2264/2347 --------- Опосум:живот 45
niki атакува Опосум и прави безуспешен опит да уцели
niki атакува Опосум и нанася 16 щети
niki атакува Опосум и нанася 32 щети
                Ти победи
Получаваш 106 опит и 21 злато
                Предмети:
Light Plate
Мощен лък
Long Sword
--------------------Край на битката----------------June 5, 2012, 15:09:46




niki се бие с Опосум June 5, 2012, 15:09:46
niki:живот 2235/2347 --------- Опосум:живот 50
niki атакува Опосум и нанася 15 щети
niki атакува Опосум и нанася 16 щети
niki атакува Опосум и нанася 28 щети
                Ти победи
Получаваш 66 опит и 20 злато
                Предмети:
Колба мана
Light Plate
Колба мана
--------------------Край на битката----------------June 5, 2012, 15:09:47




niki се бие с Картоф June 5, 2012, 15:09:48
niki:живот 2227/2347 --------- Картоф:живот 60
niki атакува Картоф и нанася 32 щети
niki атакува Картоф и нанася 33 щети
                Ти победи
Получаваш 74 опит и 40 злато
                Предмети:
Колба живот
Колба живот
--------------------Край на битката----------------June 5, 2012, 15:09:49




niki се бие с Опосум June 5, 2012, 15:09:50
niki:живот 2220/2347 --------- Опосум:живот 35
niki атакува Опосум и нанася 29 щети
niki атакува Опосум и нанася 28 щети
                Ти победи
Получаваш 102 опит и 17 злато
                Предмети:
Light Plate
--------------------Край на битката----------------June 5, 2012, 15:09:50




niki се бие с Скелет June 5, 2012, 15:09:51
niki:живот 2213/2347 --------- Скелет:живот 35
niki атакува Скелет и нанася 25 щети
niki атакува Скелет и нанася 33 щети
                Ти победи
Получаваш 78 опит и 26 злато
                Предмети:
Колба живот
Long Sword
Колба мана
--------------------Край на битката----------------June 5, 2012, 15:09:52




niki се бие с Опосум June 5, 2012, 15:09:52
niki:живот 2206/2347 --------- Опосум:живот 65
niki атакува Опосум и нанася 23 щети
niki атакува Опосум и нанася 22 щети
niki атакува Опосум и нанася 18 щети
niki атакува Опосум и нанася 32 щети
                Ти победи
Получаваш 4 опит и 37 злато
                Предмети:
Light Plate
--------------------Край на битката----------------June 5, 2012, 15:09:54




niki се бие с Опосум June 5, 2012, 15:09:54
niki:живот 2156/2347 --------- Опосум:живот 35
niki атакува Опосум и нанася 23 щети
niki атакува Опосум и нанася 20 щети
                Ти победи
Получаваш 124 опит и 33 злато
                Предмети:
health potion
--------------------Край на битката----------------June 5, 2012, 15:09:55




niki се бие с Картоф June 5, 2012, 15:09:55
niki:живот 2143/2347 --------- Картоф:живот 60
niki атакува Картоф и нанася 20 щети
niki атакува Картоф и нанася 20 щети
niki атакува Картоф и нанася 24 щети
                Ти победи
Получаваш 198 опит и 5 злато
                Предмети:
Колба мана
Желязна броня
Желязна броня
--------------------Край на битката----------------June 5, 2012, 15:09:56




niki се бие с Опосум June 5, 2012, 15:09:57
niki:живот 2119/2347 --------- Опосум:живот 45
niki атакува Опосум и нанася 28 щети
niki атакува Опосум и прави безуспешен опит да уцели
niki атакува Опосум и нанася 25 щети
                Ти победи
Получаваш 58 опит и 16 злато
                Предмети:
health potion
Колба мана
--------------------Край на битката----------------June 5, 2012, 15:09:58




niki се бие с Мъртвец June 5, 2012, 15:09:59
niki:живот 2104/2347 --------- Мъртвец:живот 70
niki атакува Мъртвец и нанася 34 щети
niki атакува Мъртвец и нанася 17 щети
niki атакува Мъртвец и нанася 34 щети
                Ти победи
Получаваш 254 опит и 47 злато
                Предмети:
Мощен лък
--------------------Край на битката----------------June 5, 2012, 15:09:59




niki се бие с Скелет June 5, 2012, 15:10:00
niki:живот 2082/2347 --------- Скелет:живот 45
niki атакува Скелет и нанася 33 щети
niki атакува Скелет и нанася 16 щети
                Ти победи
Получаваш 14 опит и 35 злато
                Предмети:
Колба мана
health potion
Light Plate
--------------------Край на битката----------------June 5, 2012, 15:10:01




niki се бие с Ученик June 5, 2012, 15:10:02
niki:живот 2075/2347 --------- Ученик:живот 45
niki атакува Ученик и нанася 19 щети
niki атакува Ученик и нанася 16 щети
niki атакува Ученик и нанася 16 щети
                Ти победи
Получаваш 60 опит и 13 злато
                Предмети:
Колба живот
health potion
Желязна броня
--------------------Край на битката----------------June 5, 2012, 15:10:02




niki се бие с Скелет June 5, 2012, 15:10:03
niki:живот 2059/2347 --------- Скелет:живот 65
niki атакува Скелет и нанася 27 щети
niki атакува Скелет и прави безуспешен опит да уцели
niki атакува Скелет и нанася 25 щети
niki атакува Скелет и нанася 25 щети
                Ти победи
Получаваш 156 опит и 63 злато
                Предмети:
Колба живот
health potion
Колба живот
--------------------Край на битката----------------June 5, 2012, 15:10:04




niki се бие с Ученик June 5, 2012, 15:10:05
niki:живот 2021/2347 --------- Ученик:живот 70
niki атакува Ученик и нанася 29 щети
niki атакува Ученик и нанася 30 щети
niki атакува Ученик и нанася 33 щети
                Ти победи
Получаваш 128 опит и 16 злато
                Предмети:
Light Plate
--------------------Край на битката----------------June 5, 2012, 15:10:06




niki се бие с Опосум June 5, 2012, 15:10:06
niki:живот 1984/2347 --------- Опосум:живот 40
niki атакува Опосум и нанася 20 щети
niki атакува Опосум и нанася 18 щети
niki атакува Опосум и нанася 30 щети
                Ти победи
Получаваш 98 опит и 28 злато
                Предмети:
Long Sword
Long Sword
health potion
--------------------Край на битката----------------June 5, 2012, 15:10:07




niki се бие с Опосум June 5, 2012, 15:10:07
niki:живот 1966/2347 --------- Опосум:живот 60
niki атакува Опосум и нанася 20 щети
niki атакува Опосум и нанася 21 щети
niki атакува Опосум и нанася 28 щети
                Ти победи
Получаваш 14 опит и 20 злато
                Предмети:
Мощен лък
--------------------Край на битката----------------June 5, 2012, 15:10:09




niki се бие с Опосум June 5, 2012, 15:10:09
niki:живот 1936/2347 --------- Опосум:живот 55
niki атакува Опосум и прави безуспешен опит да уцели
niki атакува Опосум и нанася 28 щети
niki атакува Опосум и нанася 32 щети
                Ти победи
Получаваш 24 опит и 40 злато
                Предмети:
health potion
Колба мана
Желязна броня
--------------------Край на битката----------------June 5, 2012, 15:10:10




niki се бие с Скелет June 5, 2012, 15:10:11
niki:живот 1922/2347 --------- Скелет:живот 30
niki атакува Скелет и нанася 23 щети
niki атакува Скелет и нанася 19 щети
                Ти победи
Получаваш 152 опит и 6 злато
                Предмети:
Мощен лък
Light Plate
--------------------Край на битката----------------June 5, 2012, 15:10:13




niki се бие с Мъртвец June 10, 2012, 20:53:09
niki:живот 2347/2347 --------- Мъртвец:живот 50
niki атакува Мъртвец и нанася 32 щети
niki атакува Мъртвец и нанася 19 щети
                Ти победи
Получаваш 142 опит и 36 злато
                Предмети:
health potion
--------------------Край на битката----------------June 10, 2012, 20:53:16




niki се бие с Скелет June 10, 2012, 20:53:19
niki:живот 2338/2347 --------- Скелет:живот 50
niki атакува Скелет и нанася 17 щети
niki атакува Скелет и нанася 16 щети
niki атакува Скелет и нанася 33 щети
                Ти победи
Получаваш 186 опит и 11 злато
                Предмети:
Колба мана
--------------------Край на битката----------------June 10, 2012, 20:53:25




niki се бие с Картоф June 10, 2012, 20:53:28
niki:живот 2313/2347 --------- Картоф:живот 45
niki атакува Картоф и нанася 16 щети
niki атакува Картоф и нанася 23 щети
niki атакува Картоф и нанася 14 щети
                Ти победи
Получаваш 20 опит и 7 злато
                Предмети:
Колба живот
--------------------Край на битката----------------June 10, 2012, 20:53:30




niki се бие с Скелет June 10, 2012, 20:53:31
niki:живот 2289/2347 --------- Скелет:живот 40
niki атакува Скелет и прави безуспешен опит да уцели
niki атакува Скелет и нанася 16 щети
niki атакува Скелет и нанася 12 щети
niki атакува Скелет и нанася 14 щети
                Ти победи
Получаваш 56 опит и 21 злато
                Предмети:
Light Plate
Желязна броня
Long Sword
--------------------Край на битката----------------June 10, 2012, 20:53:34




niki се бие с Картоф June 10, 2012, 20:53:35
niki:живот 2267/2347 --------- Картоф:живот 30
niki атакува Картоф и нанася 23 щети
niki атакува Картоф и нанася 21 щети
                Ти победи
Получаваш 54 опит и 18 злато
                Предмети:
Колба живот
--------------------Край на битката----------------June 10, 2012, 20:53:36




niki се бие с Мъртвец June 10, 2012, 20:53:37
niki:живот 2250/2347 --------- Мъртвец:живот 50
niki атакува Мъртвец и нанася 26 щети
niki атакува Мъртвец и нанася 18 щети
niki атакува Мъртвец и нанася 27 щети
                Ти победи
Получаваш 134 опит и 26 злато
                Предмети:
Колба мана
Колба мана
--------------------Край на битката----------------June 10, 2012, 20:53:39




niki се бие с Скелет June 14, 2012, 12:08:55
niki:живот 2232/2347 --------- Скелет:живот 25
niki атакува Скелет и нанася 25 щети
                Ти победи
Получаваш 16 опит и 20 злато
                Предмети:
Колба живот
Колба живот
Колба живот
--------------------Край на битката----------------June 14, 2012, 12:08:57




niki се бие с Ученик June 14, 2012, 12:09:03
niki:живот 2232/2347 --------- Ученик:живот 60
niki атакува Ученик и нанася 18 щети
niki атакува Ученик и нанася 14 щети
niki атакува Ученик и нанася 24 щети
niki атакува Ученик и прави безуспешен опит да уцели
niki атакува Ученик и нанася 23 щети
                Ти победи
Получаваш 116 опит и 35 злато
                Предмети:
Колба мана
--------------------Край на битката----------------June 14, 2012, 12:09:07




niki се бие с Скелет October 2, 2012, 09:51:03
niki:живот 2182/2347 --------- Скелет:живот 45
niki атакува Скелет и нанася 24 щети
niki атакува Скелет и нанася 16 щети
niki атакува Скелет и нанася 26 щети
                Ти победи
Получаваш 10 опит и 14 злато
                Предмети:
Мощен лък
--------------------Край на битката----------------October 2, 2012, 09:51:55




niki се бие с Мъртвец January 30, 2013, 20:03:01
niki:живот 2157/2347 --------- Мъртвец:живот 35
niki атакува Мъртвец и нанася 24 щети
niki атакува Мъртвец и нанася 15 щети
                Ти победи
Получаваш 206 опит и 24 злато
                Предмети:
Light Plate
--------------------Край на битката----------------January 30, 2013, 20:03:05




niki се бие с Ученик January 30, 2013, 20:03:12
niki:живот 2362/2362 --------- Ученик:живот 55
niki атакува Ученик и нанася 24 щети
niki атакува Ученик и нанася 16 щети
niki атакува Ученик и нанася 13 щети
niki атакува Ученик и нанася 20 щети
                Ти победи
Получаваш 206 опит и 5 злато
                Предмети:
Long Sword
Мощен лък
Long Sword
--------------------Край на битката----------------January 30, 2013, 20:03:16




niki се бие с Скелет January 31, 2013, 01:38:24
niki:живот 2325/2362 --------- Скелет:живот 40
niki атакува Скелет и нанася 20 щети
niki атакува Скелет и нанася 25 щети
                Ти победи
Получаваш 156 опит и 38 злато
                Предмети:
Колба мана
health potion
--------------------Край на битката----------------January 31, 2013, 01:38:32




niki се бие с Опосум January 31, 2013, 01:38:41
niki:живот 2315/2362 --------- Опосум:живот 30
niki атакува Опосум и нанася 21 щети
niki атакува Опосум и нанася 20 щети
                Ти победи
Получаваш 88 опит и 12 злато
                Предмети:
Колба живот
Колба живот
--------------------Край на битката----------------January 31, 2013, 01:38:43




niki се бие с Картоф January 31, 2013, 11:53:29
niki:живот 2300/2300 --------- Картоф:живот 45
niki атакува Картоф и прави безуспешен опит да уцели
niki атакува Картоф и прави безуспешен опит да уцели
niki атакува Картоф и прави безуспешен опит да уцели
niki атакува Картоф и прави безуспешен опит да уцели
niki атакува Картоф и прави безуспешен опит да уцели
niki атакува Картоф и прави безуспешен опит да уцели
niki атакува Картоф и прави безуспешен опит да уцели
niki атакува Картоф и прави безуспешен опит да уцели
niki атакува Картоф и прави безуспешен опит да уцели
niki атакува Картоф и прави безуспешен опит да уцели
niki атакува Картоф и прави безуспешен опит да уцели
niki атакува Картоф и прави безуспешен опит да уцели
niki атакува Картоф и прави безуспешен опит да уцели
niki атакува Картоф и прави безуспешен опит да уцели
niki атакува Картоф и прави безуспешен опит да уцели
niki атакува Картоф и прави безуспешен опит да уцели
niki атакува Картоф и прави безуспешен опит да уцели
niki атакува Картоф и прави безуспешен опит да уцели
koko се бие с Картоф January 31, 2013, 16:43:08
koko:живот 1000/1000 --------- Картоф:живот 6
koko атакува Картоф и нанася 8 щети
                Ти победи
Получаваш 20 опит и 5 злато
                Предмети:
Желязна броня
Колба мана
health potion
--------------------Край на битката----------------January 31, 2013, 16:43:09




koko се бие с Мъртвец January 31, 2013, 16:43:28
koko:живот 1000/1000 --------- Мъртвец:живот 20
koko атакува Мъртвец и нанася 9 щети
koko атакува Мъртвец и нанася 10 щети
koko атакува Мъртвец и нанася 8 щети
                Ти победи
Получаваш 8 опит и 19 злато
                Предмети:
health potion
--------------------Край на битката----------------January 31, 2013, 16:43:29




koko се бие с Опосум January 31, 2013, 16:43:31
koko:живот 996/1000 --------- Опосум:живот 20
koko атакува Опосум и нанася 13 щети
koko атакува Опосум и нанася 7 щети
                Ти победи
Получаваш 56 опит и 20 злато
                Предмети:
Желязна броня
health potion
Колба мана
--------------------Край на битката----------------January 31, 2013, 16:43:33




koko се бие с Картоф January 31, 2013, 22:21:08
koko:живот 1015/1015 --------- Картоф:живот 36
koko атакува Картоф и нанася 12 щети
koko атакува Картоф и прави безуспешен опит да уцели
koko атакува Картоф и нанася 5 щети
koko атакува Картоф и нанася 8 щети
koko атакува Картоф и нанася 10 щети
koko атакува Картоф и нанася 11 щети
                Ти победи
Получаваш 20 опит и 10 злато
                Предмети:
Long Sword
Long Sword
Long Sword
--------------------Край на битката----------------January 31, 2013, 22:21:30




niki се бие с Ученик February 1, 2013, 00:33:03
niki:живот 200/200 --------- Ученик:живот 30
niki атакува Ученик и нанася 34 щети
                Ти победи
Получаваш 66 опит и 24 злато
                Предмети:
Light Plate
Light Plate
Мощен лък
--------------------Край на битката----------------February 1, 2013, 00:33:05




niki се бие с Картоф February 1, 2013, 00:33:10
niki:живот 200/200 --------- Картоф:живот 70
niki атакува Картоф и нанася 33 щети
niki атакува Картоф и прави безуспешен опит да уцели
niki атакува Картоф и нанася 35 щети
niki атакува Картоф и нанася 20 щети
                Ти победи
Получаваш 48 опит и 25 злато
                Предмети:
Колба живот
Желязна броня
--------------------Край на битката----------------February 1, 2013, 00:33:18




niki се бие с Опосум February 1, 2013, 15:33:07
niki:живот 159/200 --------- Опосум:живот 65
niki атакува Опосум и нанася 27 щети
niki атакува Опосум и нанася 29 щети
niki атакува Опосум и нанася 31 щети
                Ти победи
Получаваш 260 опит и 61 злато
                Предмети:
Колба мана
Желязна броня
health potion
--------------------Край на битката----------------February 1, 2013, 15:33:21




niki се бие с Мъртвец March 12, 2013, 08:57:09
niki:живот 150/200 --------- Мъртвец:живот 25
niki атакува Мъртвец и нанася 39 щети
                Ти победи
Получаваш 88 опит и 19 злато
                Предмети:
Light Plate
Мощен лък
Мощен лък
--------------------Край на битката----------------March 12, 2013, 08:57:11




niki се бие с Ученик March 13, 2013, 10:16:46
niki:живот 150/200 --------- Ученик:живот 25
niki атакува Ученик и нанася 25 щети
                Ти победи
Получаваш 136 опит и 10 злато
                Предмети:
Мощен лък
Мощен лък
Колба живот
--------------------Край на битката----------------March 13, 2013, 10:16:50




niki се бие с Ученик April 23, 2013, 17:20:57
niki:живот 200/200 --------- Ученик:живот 60
niki атакува Ученик и нанася 34 щети
niki атакува Ученик и нанася 37 щети
                Ти победи
Получаваш 110 опит и 20 злато
                Предмети:
Long Sword
--------------------Край на битката----------------April 23, 2013, 17:21:07




